<?xml version="1.0" encoding="UTF-8"?>
<!-- Generated by org.testng.reporters.JUnitReportReporter -->
<testsuite skipped="0" hostname="DESKTOP-V9HI18B" name="Anksuh.Yotube.Youtube_IR" tests="1" failures="0" timestamp="2020-01-02T13:34:08 IST" time="0.000" errors="0">
  <testcase name="Test" time="0.000" classname="Anksuh.Yotube.Youtube_IR"/>
</testsuite> <!-- Anksuh.Yotube.Youtube_IR -->
